[20:54:44.065] Global cache location '/home/nicholas/.cache/typescript/4.6', safe file path '/home/nicholas/programs/roberta-names-gender/node_modules/typescript/lib/typingSafeList.json', types map path /home/nicholas/programs/roberta-names-gender/node_modules/typescript/lib/typesMap.json
[20:54:44.066] Processing cache location '/home/nicholas/.cache/typescript/4.6'
[20:54:44.066] Trying to find '/home/nicholas/.cache/typescript/4.6/package.json'...
[20:54:44.076] Loaded content of '/home/nicholas/.cache/typescript/4.6/package.json': {"private":true,"dependencies":{"types-registry":"^0.1.624"},"devDependencies":{"@types/brace-expansion":"^1.1.0","@types/enzyme":"^3.10.12","@types/eslint":"^8.4.5","@types/eslint-config-prettier":"^6.11.0","@types/eslint-plugin-prettier":"^3.1.0","@types/extend":"^3.0.1","@types/glob":"^7.2.0","@types/inherits":"^0.0.30","@types/iniparser":"^0.0.29","@types/katex":"^0.14.0","@types/minimatch":"^3.0.5","@types/once":"^1.4.0","@types/path-is-absolute":"^1.0.0","@types/plotly.js":"^2.12.2","@types/prettier":"^2.7.0","@types/querystringify":"^2.0.0","@types/react":"^18.0.17","@types/react-dom":"^18.0.6","@types/react-is":"^17.0.3","@types/react-plotly.js":"^2.5.1","@types/requires-port":"^1.0.0","@types/tabbable":"^3.1.2","@types/testing-library__jest-dom":"^5.14.5","@types/trim":"^0.1.1","@types/url-parse":"^1.4.8","@types/uuid":"^8.3.4","@types/webpack":"^5.28.0","@types/webpack-bundle-analyzer":"^4.4.1"}}
[20:54:44.076] Loaded content of '/home/nicholas/.cache/typescript/4.6/package-lock.json'
[20:54:44.090] Adding entry into typings cache: 'brace-expansion' => '/home/nicholas/.cache/typescript/4.6/node_modules/@types/brace-expansion/index.d.ts'
[20:54:44.094] Adding entry into typings cache: 'enzyme' => '/home/nicholas/.cache/typescript/4.6/node_modules/@types/enzyme/index.d.ts'
[20:54:44.097] Adding entry into typings cache: 'eslint' => '/home/nicholas/.cache/typescript/4.6/node_modules/@types/eslint/index.d.ts'
[20:54:44.098] Adding entry into typings cache: 'eslint-config-prettier' => '/home/nicholas/.cache/typescript/4.6/node_modules/@types/eslint-config-prettier/index.d.ts'
[20:54:44.099] Adding entry into typings cache: 'eslint-plugin-prettier' => '/home/nicholas/.cache/typescript/4.6/node_modules/@types/eslint-plugin-prettier/index.d.ts'
[20:54:44.100] Adding entry into typings cache: 'extend' => '/home/nicholas/.cache/typescript/4.6/node_modules/@types/extend/index.d.ts'
[20:54:44.102] Adding entry into typings cache: 'glob' => '/home/nicholas/.cache/typescript/4.6/node_modules/@types/glob/index.d.ts'
[20:54:44.104] Adding entry into typings cache: 'inherits' => '/home/nicholas/.cache/typescript/4.6/node_modules/@types/inherits/index.d.ts'
[20:54:44.105] Adding entry into typings cache: 'iniparser' => '/home/nicholas/.cache/typescript/4.6/node_modules/@types/iniparser/index.d.ts'
[20:54:44.107] Adding entry into typings cache: 'katex' => '/home/nicholas/.cache/typescript/4.6/node_modules/@types/katex/index.d.ts'
[20:54:44.108] Adding entry into typings cache: 'minimatch' => '/home/nicholas/.cache/typescript/4.6/node_modules/@types/minimatch/index.d.ts'
[20:54:44.109] Adding entry into typings cache: 'once' => '/home/nicholas/.cache/typescript/4.6/node_modules/@types/once/index.d.ts'
[20:54:44.110] Adding entry into typings cache: 'path-is-absolute' => '/home/nicholas/.cache/typescript/4.6/node_modules/@types/path-is-absolute/index.d.ts'
[20:54:44.114] Adding entry into typings cache: 'plotly.js' => '/home/nicholas/.cache/typescript/4.6/node_modules/@types/plotly.js/index.d.ts'
[20:54:44.115] Adding entry into typings cache: 'prettier' => '/home/nicholas/.cache/typescript/4.6/node_modules/@types/prettier/index.d.ts'
[20:54:44.116] Adding entry into typings cache: 'querystringify' => '/home/nicholas/.cache/typescript/4.6/node_modules/@types/querystringify/index.d.ts'
[20:54:44.117] Adding entry into typings cache: 'react' => '/home/nicholas/.cache/typescript/4.6/node_modules/@types/react/index.d.ts'
[20:54:44.119] Adding entry into typings cache: 'react-dom' => '/home/nicholas/.cache/typescript/4.6/node_modules/@types/react-dom/index.d.ts'
[20:54:44.121] Adding entry into typings cache: 'react-is' => '/home/nicholas/.cache/typescript/4.6/node_modules/@types/react-is/index.d.ts'
[20:54:44.122] Adding entry into typings cache: 'react-plotly.js' => '/home/nicholas/.cache/typescript/4.6/node_modules/@types/react-plotly.js/index.d.ts'
[20:54:44.123] Adding entry into typings cache: 'requires-port' => '/home/nicholas/.cache/typescript/4.6/node_modules/@types/requires-port/index.d.ts'
[20:54:44.123] Adding entry into typings cache: 'tabbable' => '/home/nicholas/.cache/typescript/4.6/node_modules/@types/tabbable/index.d.ts'
[20:54:44.125] Adding entry into typings cache: 'testing-library__jest-dom' => '/home/nicholas/.cache/typescript/4.6/node_modules/@types/testing-library__jest-dom/index.d.ts'
[20:54:44.126] Adding entry into typings cache: 'trim' => '/home/nicholas/.cache/typescript/4.6/node_modules/@types/trim/index.d.ts'
[20:54:44.127] Adding entry into typings cache: 'url-parse' => '/home/nicholas/.cache/typescript/4.6/node_modules/@types/url-parse/index.d.ts'
[20:54:44.128] Adding entry into typings cache: 'uuid' => '/home/nicholas/.cache/typescript/4.6/node_modules/@types/uuid/index.d.ts'
[20:54:44.133] Adding entry into typings cache: 'webpack' => '/home/nicholas/.cache/typescript/4.6/node_modules/webpack/types.d.ts'
[20:54:44.135] Adding entry into typings cache: 'webpack-bundle-analyzer' => '/home/nicholas/.cache/typescript/4.6/node_modules/@types/webpack-bundle-analyzer/index.d.ts'
[20:54:44.135] Finished processing cache location '/home/nicholas/.cache/typescript/4.6'
[20:54:44.135] Process id: 1844397
[20:54:44.135] NPM location: /usr/bin/npm (explicit '--npmLocation' not  provided)
[20:54:44.135] validateDefaultNpmLocation: false
[20:54:44.135] Npm config file: /home/nicholas/.cache/typescript/4.6/package.json
[20:54:44.135] Updating types-registry npm package...
[20:54:44.135] Exec: /usr/bin/npm install --ignore-scripts types-registry@latest
[20:54:45.982]     Succeeded. stdout:
    
    changed 1 package, and audited 153 packages in 1s

12 packages are looking for funding
  run `npm fund` for details

1 high severity vulnerability

To address all issues, run:
  npm audit fix

Run `npm audit` for details.

[20:54:45.982] Updated types-registry npm package
[20:56:23.121] Got install request {"projectName":"/dev/null/inferredProject1*","fileNames":[],"compilerOptions":{"module":1,"target":3,"jsx":1,"allowJs":true,"allowSyntheticDefaultImports":true,"allowNonTsExtensions":true,"noEmitForJsFiles":true},"typeAcquisition":{"enable":true,"include":[],"exclude":[]},"unresolvedImports":[],"projectRootPath":"/home/nicholas/programs/roberta-names-gender/src/pages","kind":"discover"}
[20:56:23.151] Loaded safelist from types map file '/home/nicholas/programs/roberta-names-gender/node_modules/typescript/lib/typesMap.json'
[20:56:23.153] Explicitly included types: []
[20:56:23.154] Inferred typings from unresolved imports: []
[20:56:23.155] Result: {"cachedTypingPaths":[],"newTypingNames":[],"filesToWatch":["/home/nicholas/programs/roberta-names-gender/src/pages/bower_components","/home/nicholas/programs/roberta-names-gender/src/pages/node_modules"]}
[20:56:23.155] Finished typings discovery: {"cachedTypingPaths":[],"newTypingNames":[],"filesToWatch":["/home/nicholas/programs/roberta-names-gender/src/pages/bower_components","/home/nicholas/programs/roberta-names-gender/src/pages/node_modules"]}
[20:56:23.158] DirectoryWatcher:: Added:: WatchInfo: /home/nicholas/programs/roberta-names-gender/src/pages/bower_components
[20:56:23.160] DirectoryWatcher:: Added:: WatchInfo: /home/nicholas/programs/roberta-names-gender/src/pages/bower_components 1 undefined Project: /dev/null/inferredProject1* watcher already invoked: false
[20:56:23.168] Elapsed:: 7.994533002376556ms DirectoryWatcher:: Added:: WatchInfo: /home/nicholas/programs/roberta-names-gender/src/pages/bower_components 1 undefined Project: /dev/null/inferredProject1* watcher already invoked: false
[20:56:23.169] DirectoryWatcher:: Added:: WatchInfo: /home/nicholas/programs/roberta-names-gender/src/pages/node_modules
[20:56:23.169] DirectoryWatcher:: Added:: WatchInfo: /home/nicholas/programs/roberta-names-gender/src/pages/node_modules 1 undefined Project: /dev/null/inferredProject1* watcher already invoked: false
[20:56:23.169] Elapsed:: 0.3506309986114502ms DirectoryWatcher:: Added:: WatchInfo: /home/nicholas/programs/roberta-names-gender/src/pages/node_modules 1 undefined Project: /dev/null/inferredProject1* watcher already invoked: false
[20:56:23.170] Sending response:
    {"projectName":"/dev/null/inferredProject1*","typeAcquisition":{"enable":true,"include":[],"exclude":[]},"compilerOptions":{"module":1,"target":3,"jsx":1,"allowJs":true,"allowSyntheticDefaultImports":true,"allowNonTsExtensions":true,"noEmitForJsFiles":true},"typings":[],"unresolvedImports":[],"kind":"action::set"}
[20:56:23.171] Response has been sent.
[20:56:23.171] No new typings were requested as a result of typings discovery
[20:56:49.294] Got install request {"projectName":"/dev/null/inferredProject1*","fileNames":[],"compilerOptions":{"module":1,"target":3,"jsx":1,"allowJs":true,"allowSyntheticDefaultImports":true,"allowNonTsExtensions":true,"noEmitForJsFiles":true},"typeAcquisition":{"enable":true,"include":[],"exclude":[]},"unresolvedImports":[],"projectRootPath":"/home/nicholas/programs/roberta-names-gender/src/pages","kind":"discover"}
[20:56:49.294] Explicitly included types: []
[20:56:49.294] Inferred typings from unresolved imports: []
[20:56:49.294] Result: {"cachedTypingPaths":[],"newTypingNames":[],"filesToWatch":["/home/nicholas/programs/roberta-names-gender/src/pages/bower_components","/home/nicholas/programs/roberta-names-gender/src/pages/node_modules"]}
[20:56:49.294] Finished typings discovery: {"cachedTypingPaths":[],"newTypingNames":[],"filesToWatch":["/home/nicholas/programs/roberta-names-gender/src/pages/bower_components","/home/nicholas/programs/roberta-names-gender/src/pages/node_modules"]}
[20:56:49.295] Sending response:
    {"projectName":"/dev/null/inferredProject1*","typeAcquisition":{"enable":true,"include":[],"exclude":[]},"compilerOptions":{"module":1,"target":3,"jsx":1,"allowJs":true,"allowSyntheticDefaultImports":true,"allowNonTsExtensions":true,"noEmitForJsFiles":true},"typings":[],"unresolvedImports":[],"kind":"action::set"}
[20:56:49.295] Response has been sent.
[20:56:49.295] No new typings were requested as a result of typings discovery
