[01:56:56.749] Global cache location '/home/nicholas/.cache/typescript/4.6', safe file path '/home/nicholas/programs/roberta-names-gender/node_modules/typescript/lib/typingSafeList.json', types map path /home/nicholas/programs/roberta-names-gender/node_modules/typescript/lib/typesMap.json
[01:56:56.751] Processing cache location '/home/nicholas/.cache/typescript/4.6'
[01:56:56.751] Trying to find '/home/nicholas/.cache/typescript/4.6/package.json'...
[01:56:56.756] Loaded content of '/home/nicholas/.cache/typescript/4.6/package.json': {"private":true,"dependencies":{"types-registry":"^0.1.624"},"devDependencies":{"@types/brace-expansion":"^1.1.0","@types/enzyme":"^3.10.12","@types/eslint":"^8.4.5","@types/eslint-config-prettier":"^6.11.0","@types/eslint-plugin-prettier":"^3.1.0","@types/extend":"^3.0.1","@types/glob":"^7.2.0","@types/inherits":"^0.0.30","@types/iniparser":"^0.0.29","@types/katex":"^0.14.0","@types/minimatch":"^3.0.5","@types/once":"^1.4.0","@types/path-is-absolute":"^1.0.0","@types/plotly.js":"^2.12.2","@types/prettier":"^2.7.0","@types/querystringify":"^2.0.0","@types/react":"^18.0.17","@types/react-dom":"^18.0.6","@types/react-is":"^17.0.3","@types/react-plotly.js":"^2.5.1","@types/requires-port":"^1.0.0","@types/tabbable":"^3.1.2","@types/testing-library__jest-dom":"^5.14.5","@types/trim":"^0.1.1","@types/url-parse":"^1.4.8","@types/uuid":"^8.3.4","@types/webpack":"^5.28.0","@types/webpack-bundle-analyzer":"^4.4.1"}}
[01:56:56.756] Loaded content of '/home/nicholas/.cache/typescript/4.6/package-lock.json'
[01:56:56.779] Adding entry into typings cache: 'brace-expansion' => '/home/nicholas/.cache/typescript/4.6/node_modules/@types/brace-expansion/index.d.ts'
[01:56:56.786] Adding entry into typings cache: 'enzyme' => '/home/nicholas/.cache/typescript/4.6/node_modules/@types/enzyme/index.d.ts'
[01:56:56.790] Adding entry into typings cache: 'eslint' => '/home/nicholas/.cache/typescript/4.6/node_modules/@types/eslint/index.d.ts'
[01:56:56.793] Adding entry into typings cache: 'eslint-config-prettier' => '/home/nicholas/.cache/typescript/4.6/node_modules/@types/eslint-config-prettier/index.d.ts'
[01:56:56.795] Adding entry into typings cache: 'eslint-plugin-prettier' => '/home/nicholas/.cache/typescript/4.6/node_modules/@types/eslint-plugin-prettier/index.d.ts'
[01:56:56.797] Adding entry into typings cache: 'extend' => '/home/nicholas/.cache/typescript/4.6/node_modules/@types/extend/index.d.ts'
[01:56:56.799] Adding entry into typings cache: 'glob' => '/home/nicholas/.cache/typescript/4.6/node_modules/@types/glob/index.d.ts'
[01:56:56.801] Adding entry into typings cache: 'inherits' => '/home/nicholas/.cache/typescript/4.6/node_modules/@types/inherits/index.d.ts'
[01:56:56.803] Adding entry into typings cache: 'iniparser' => '/home/nicholas/.cache/typescript/4.6/node_modules/@types/iniparser/index.d.ts'
[01:56:56.806] Adding entry into typings cache: 'katex' => '/home/nicholas/.cache/typescript/4.6/node_modules/@types/katex/index.d.ts'
[01:56:56.808] Adding entry into typings cache: 'minimatch' => '/home/nicholas/.cache/typescript/4.6/node_modules/@types/minimatch/index.d.ts'
[01:56:56.810] Adding entry into typings cache: 'once' => '/home/nicholas/.cache/typescript/4.6/node_modules/@types/once/index.d.ts'
[01:56:56.811] Adding entry into typings cache: 'path-is-absolute' => '/home/nicholas/.cache/typescript/4.6/node_modules/@types/path-is-absolute/index.d.ts'
[01:56:56.816] Adding entry into typings cache: 'plotly.js' => '/home/nicholas/.cache/typescript/4.6/node_modules/@types/plotly.js/index.d.ts'
[01:56:56.818] Adding entry into typings cache: 'prettier' => '/home/nicholas/.cache/typescript/4.6/node_modules/@types/prettier/index.d.ts'
[01:56:56.819] Adding entry into typings cache: 'querystringify' => '/home/nicholas/.cache/typescript/4.6/node_modules/@types/querystringify/index.d.ts'
[01:56:56.823] Adding entry into typings cache: 'react' => '/home/nicholas/.cache/typescript/4.6/node_modules/@types/react/index.d.ts'
[01:56:56.826] Adding entry into typings cache: 'react-dom' => '/home/nicholas/.cache/typescript/4.6/node_modules/@types/react-dom/index.d.ts'
[01:56:56.828] Adding entry into typings cache: 'react-is' => '/home/nicholas/.cache/typescript/4.6/node_modules/@types/react-is/index.d.ts'
[01:56:56.830] Adding entry into typings cache: 'react-plotly.js' => '/home/nicholas/.cache/typescript/4.6/node_modules/@types/react-plotly.js/index.d.ts'
[01:56:56.831] Adding entry into typings cache: 'requires-port' => '/home/nicholas/.cache/typescript/4.6/node_modules/@types/requires-port/index.d.ts'
[01:56:56.833] Adding entry into typings cache: 'tabbable' => '/home/nicholas/.cache/typescript/4.6/node_modules/@types/tabbable/index.d.ts'
[01:56:56.834] Adding entry into typings cache: 'testing-library__jest-dom' => '/home/nicholas/.cache/typescript/4.6/node_modules/@types/testing-library__jest-dom/index.d.ts'
[01:56:56.835] Adding entry into typings cache: 'trim' => '/home/nicholas/.cache/typescript/4.6/node_modules/@types/trim/index.d.ts'
[01:56:56.837] Adding entry into typings cache: 'url-parse' => '/home/nicholas/.cache/typescript/4.6/node_modules/@types/url-parse/index.d.ts'
[01:56:56.838] Adding entry into typings cache: 'uuid' => '/home/nicholas/.cache/typescript/4.6/node_modules/@types/uuid/index.d.ts'
[01:56:56.846] Adding entry into typings cache: 'webpack' => '/home/nicholas/.cache/typescript/4.6/node_modules/webpack/types.d.ts'
[01:56:56.848] Adding entry into typings cache: 'webpack-bundle-analyzer' => '/home/nicholas/.cache/typescript/4.6/node_modules/@types/webpack-bundle-analyzer/index.d.ts'
[01:56:56.848] Finished processing cache location '/home/nicholas/.cache/typescript/4.6'
[01:56:56.848] Process id: 3986611
[01:56:56.848] NPM location: /usr/bin/npm (explicit '--npmLocation' not  provided)
[01:56:56.848] validateDefaultNpmLocation: false
[01:56:56.848] Npm config file: /home/nicholas/.cache/typescript/4.6/package.json
[01:56:56.848] Updating types-registry npm package...
[01:56:56.849] Exec: /usr/bin/npm install --ignore-scripts types-registry@latest
[01:57:00.525]     Succeeded. stdout:
    
    up to date, audited 153 packages in 3s

12 packages are looking for funding
  run `npm fund` for details

1 high severity vulnerability

To address all issues, run:
  npm audit fix

Run `npm audit` for details.

[01:57:00.525] Updated types-registry npm package
[14:01:58.686] Got install request {"projectName":"/dev/null/inferredProject1*","fileNames":[],"compilerOptions":{"module":1,"target":3,"jsx":1,"allowJs":true,"allowSyntheticDefaultImports":true,"allowNonTsExtensions":true,"noEmitForJsFiles":true},"typeAcquisition":{"enable":true,"include":[],"exclude":[]},"unresolvedImports":[],"projectRootPath":"/home/nicholas/programs/roberta-names-gender/src/components","kind":"discover"}
[14:01:58.728] Loaded safelist from types map file '/home/nicholas/programs/roberta-names-gender/node_modules/typescript/lib/typesMap.json'
[14:01:58.730] Explicitly included types: []
[14:01:58.732] Inferred typings from unresolved imports: []
[14:01:58.733] Result: {"cachedTypingPaths":[],"newTypingNames":[],"filesToWatch":["/home/nicholas/programs/roberta-names-gender/src/components/bower_components","/home/nicholas/programs/roberta-names-gender/src/components/node_modules"]}
[14:01:58.733] Finished typings discovery: {"cachedTypingPaths":[],"newTypingNames":[],"filesToWatch":["/home/nicholas/programs/roberta-names-gender/src/components/bower_components","/home/nicholas/programs/roberta-names-gender/src/components/node_modules"]}
[14:01:58.735] DirectoryWatcher:: Added:: WatchInfo: /home/nicholas/programs/roberta-names-gender/src/components/bower_components
[14:01:58.738] DirectoryWatcher:: Added:: WatchInfo: /home/nicholas/programs/roberta-names-gender/src/components/bower_components 1 undefined Project: /dev/null/inferredProject1* watcher already invoked: false
[14:01:58.745] Elapsed:: 6.302834004163742ms DirectoryWatcher:: Added:: WatchInfo: /home/nicholas/programs/roberta-names-gender/src/components/bower_components 1 undefined Project: /dev/null/inferredProject1* watcher already invoked: false
[14:01:58.745] DirectoryWatcher:: Added:: WatchInfo: /home/nicholas/programs/roberta-names-gender/src/components/node_modules
[14:01:58.745] DirectoryWatcher:: Added:: WatchInfo: /home/nicholas/programs/roberta-names-gender/src/components/node_modules 1 undefined Project: /dev/null/inferredProject1* watcher already invoked: false
[14:01:58.746] Elapsed:: 0.3493109941482544ms DirectoryWatcher:: Added:: WatchInfo: /home/nicholas/programs/roberta-names-gender/src/components/node_modules 1 undefined Project: /dev/null/inferredProject1* watcher already invoked: false
[14:01:58.746] Sending response:
    {"projectName":"/dev/null/inferredProject1*","typeAcquisition":{"enable":true,"include":[],"exclude":[]},"compilerOptions":{"module":1,"target":3,"jsx":1,"allowJs":true,"allowSyntheticDefaultImports":true,"allowNonTsExtensions":true,"noEmitForJsFiles":true},"typings":[],"unresolvedImports":[],"kind":"action::set"}
[14:01:58.748] Response has been sent.
[14:01:58.748] No new typings were requested as a result of typings discovery
[18:07:16.876] Got install request {"projectName":"/dev/null/inferredProject2*","fileNames":[],"compilerOptions":{"module":1,"target":3,"jsx":1,"allowJs":true,"allowSyntheticDefaultImports":true,"allowNonTsExtensions":true,"noEmitForJsFiles":true},"typeAcquisition":{"enable":true,"include":[],"exclude":[]},"unresolvedImports":[],"projectRootPath":"/home/nicholas/programs/roberta-names-gender/src/components","kind":"discover"}
[18:07:16.883] Explicitly included types: []
[18:07:16.883] Inferred typings from unresolved imports: []
[18:07:16.883] Result: {"cachedTypingPaths":[],"newTypingNames":[],"filesToWatch":["/home/nicholas/programs/roberta-names-gender/src/components/bower_components","/home/nicholas/programs/roberta-names-gender/src/components/node_modules"]}
[18:07:16.884] Finished typings discovery: {"cachedTypingPaths":[],"newTypingNames":[],"filesToWatch":["/home/nicholas/programs/roberta-names-gender/src/components/bower_components","/home/nicholas/programs/roberta-names-gender/src/components/node_modules"]}
[18:07:16.884] DirectoryWatcher:: Added:: WatchInfo: /home/nicholas/programs/roberta-names-gender/src/components/bower_components
[18:07:16.884] DirectoryWatcher:: Added:: WatchInfo: /home/nicholas/programs/roberta-names-gender/src/components/bower_components 1 undefined Project: /dev/null/inferredProject2* watcher already invoked: false
[18:07:16.884] Elapsed:: 0.0930909514427185ms DirectoryWatcher:: Added:: WatchInfo: /home/nicholas/programs/roberta-names-gender/src/components/bower_components 1 undefined Project: /dev/null/inferredProject2* watcher already invoked: false
[18:07:16.885] DirectoryWatcher:: Added:: WatchInfo: /home/nicholas/programs/roberta-names-gender/src/components/node_modules
[18:07:16.885] DirectoryWatcher:: Added:: WatchInfo: /home/nicholas/programs/roberta-names-gender/src/components/node_modules 1 undefined Project: /dev/null/inferredProject2* watcher already invoked: false
[18:07:16.885] Elapsed:: 0.0745919942855835ms DirectoryWatcher:: Added:: WatchInfo: /home/nicholas/programs/roberta-names-gender/src/components/node_modules 1 undefined Project: /dev/null/inferredProject2* watcher already invoked: false
[18:07:16.886] Sending response:
    {"projectName":"/dev/null/inferredProject2*","typeAcquisition":{"enable":true,"include":[],"exclude":[]},"compilerOptions":{"module":1,"target":3,"jsx":1,"allowJs":true,"allowSyntheticDefaultImports":true,"allowNonTsExtensions":true,"noEmitForJsFiles":true},"typings":[],"unresolvedImports":[],"kind":"action::set"}
[18:07:16.886] Response has been sent.
[18:07:16.886] No new typings were requested as a result of typings discovery
