[21:04:10.916] Global cache location '/home/nicholas/.cache/typescript/4.6', safe file path '/home/nicholas/programs/roberta-names-gender/node_modules/typescript/lib/typingSafeList.json', types map path /home/nicholas/programs/roberta-names-gender/node_modules/typescript/lib/typesMap.json
[21:04:10.916] Processing cache location '/home/nicholas/.cache/typescript/4.6'
[21:04:10.916] Trying to find '/home/nicholas/.cache/typescript/4.6/package.json'...
[21:04:10.925] Loaded content of '/home/nicholas/.cache/typescript/4.6/package.json': {"private":true,"dependencies":{"types-registry":"^0.1.625"},"devDependencies":{"@types/brace-expansion":"^1.1.0","@types/enzyme":"^3.10.12","@types/eslint":"^8.4.5","@types/eslint-config-prettier":"^6.11.0","@types/eslint-plugin-prettier":"^3.1.0","@types/extend":"^3.0.1","@types/glob":"^7.2.0","@types/inherits":"^0.0.30","@types/iniparser":"^0.0.29","@types/katex":"^0.14.0","@types/minimatch":"^3.0.5","@types/once":"^1.4.0","@types/path-is-absolute":"^1.0.0","@types/plotly.js":"^2.12.2","@types/prettier":"^2.7.0","@types/querystringify":"^2.0.0","@types/react":"^18.0.17","@types/react-dom":"^18.0.6","@types/react-is":"^17.0.3","@types/react-plotly.js":"^2.5.1","@types/requires-port":"^1.0.0","@types/tabbable":"^3.1.2","@types/testing-library__jest-dom":"^5.14.5","@types/trim":"^0.1.1","@types/url-parse":"^1.4.8","@types/uuid":"^8.3.4","@types/webpack":"^5.28.0","@types/webpack-bundle-analyzer":"^4.4.1"}}
[21:04:10.925] Loaded content of '/home/nicholas/.cache/typescript/4.6/package-lock.json'
[21:04:10.936] Adding entry into typings cache: 'brace-expansion' => '/home/nicholas/.cache/typescript/4.6/node_modules/@types/brace-expansion/index.d.ts'
[21:04:10.939] Adding entry into typings cache: 'enzyme' => '/home/nicholas/.cache/typescript/4.6/node_modules/@types/enzyme/index.d.ts'
[21:04:10.941] Adding entry into typings cache: 'eslint' => '/home/nicholas/.cache/typescript/4.6/node_modules/@types/eslint/index.d.ts'
[21:04:10.942] Adding entry into typings cache: 'eslint-config-prettier' => '/home/nicholas/.cache/typescript/4.6/node_modules/@types/eslint-config-prettier/index.d.ts'
[21:04:10.944] Adding entry into typings cache: 'eslint-plugin-prettier' => '/home/nicholas/.cache/typescript/4.6/node_modules/@types/eslint-plugin-prettier/index.d.ts'
[21:04:10.945] Adding entry into typings cache: 'extend' => '/home/nicholas/.cache/typescript/4.6/node_modules/@types/extend/index.d.ts'
[21:04:10.947] Adding entry into typings cache: 'glob' => '/home/nicholas/.cache/typescript/4.6/node_modules/@types/glob/index.d.ts'
[21:04:10.948] Adding entry into typings cache: 'inherits' => '/home/nicholas/.cache/typescript/4.6/node_modules/@types/inherits/index.d.ts'
[21:04:10.949] Adding entry into typings cache: 'iniparser' => '/home/nicholas/.cache/typescript/4.6/node_modules/@types/iniparser/index.d.ts'
[21:04:10.951] Adding entry into typings cache: 'katex' => '/home/nicholas/.cache/typescript/4.6/node_modules/@types/katex/index.d.ts'
[21:04:10.952] Adding entry into typings cache: 'minimatch' => '/home/nicholas/.cache/typescript/4.6/node_modules/@types/minimatch/index.d.ts'
[21:04:10.953] Adding entry into typings cache: 'once' => '/home/nicholas/.cache/typescript/4.6/node_modules/@types/once/index.d.ts'
[21:04:10.955] Adding entry into typings cache: 'path-is-absolute' => '/home/nicholas/.cache/typescript/4.6/node_modules/@types/path-is-absolute/index.d.ts'
[21:04:10.957] Adding entry into typings cache: 'plotly.js' => '/home/nicholas/.cache/typescript/4.6/node_modules/@types/plotly.js/index.d.ts'
[21:04:10.958] Adding entry into typings cache: 'prettier' => '/home/nicholas/.cache/typescript/4.6/node_modules/@types/prettier/index.d.ts'
[21:04:10.959] Adding entry into typings cache: 'querystringify' => '/home/nicholas/.cache/typescript/4.6/node_modules/@types/querystringify/index.d.ts'
[21:04:10.961] Adding entry into typings cache: 'react' => '/home/nicholas/.cache/typescript/4.6/node_modules/@types/react/index.d.ts'
[21:04:10.962] Adding entry into typings cache: 'react-dom' => '/home/nicholas/.cache/typescript/4.6/node_modules/@types/react-dom/index.d.ts'
[21:04:10.964] Adding entry into typings cache: 'react-is' => '/home/nicholas/.cache/typescript/4.6/node_modules/@types/react-is/index.d.ts'
[21:04:10.965] Adding entry into typings cache: 'react-plotly.js' => '/home/nicholas/.cache/typescript/4.6/node_modules/@types/react-plotly.js/index.d.ts'
[21:04:10.966] Adding entry into typings cache: 'requires-port' => '/home/nicholas/.cache/typescript/4.6/node_modules/@types/requires-port/index.d.ts'
[21:04:10.966] Adding entry into typings cache: 'tabbable' => '/home/nicholas/.cache/typescript/4.6/node_modules/@types/tabbable/index.d.ts'
[21:04:10.968] Adding entry into typings cache: 'testing-library__jest-dom' => '/home/nicholas/.cache/typescript/4.6/node_modules/@types/testing-library__jest-dom/index.d.ts'
[21:04:10.968] Adding entry into typings cache: 'trim' => '/home/nicholas/.cache/typescript/4.6/node_modules/@types/trim/index.d.ts'
[21:04:10.969] Adding entry into typings cache: 'url-parse' => '/home/nicholas/.cache/typescript/4.6/node_modules/@types/url-parse/index.d.ts'
[21:04:10.970] Adding entry into typings cache: 'uuid' => '/home/nicholas/.cache/typescript/4.6/node_modules/@types/uuid/index.d.ts'
[21:04:10.975] Adding entry into typings cache: 'webpack' => '/home/nicholas/.cache/typescript/4.6/node_modules/webpack/types.d.ts'
[21:04:10.977] Adding entry into typings cache: 'webpack-bundle-analyzer' => '/home/nicholas/.cache/typescript/4.6/node_modules/@types/webpack-bundle-analyzer/index.d.ts'
[21:04:10.977] Finished processing cache location '/home/nicholas/.cache/typescript/4.6'
[21:04:10.977] Process id: 8840
[21:04:10.977] NPM location: /usr/bin/npm (explicit '--npmLocation' not  provided)
[21:04:10.977] validateDefaultNpmLocation: false
[21:04:10.977] Npm config file: /home/nicholas/.cache/typescript/4.6/package.json
[21:04:10.978] Updating types-registry npm package...
[21:04:10.978] Exec: /usr/bin/npm install --ignore-scripts types-registry@latest
[21:04:12.235]     Succeeded. stdout:
    
    up to date, audited 153 packages in 897ms

12 packages are looking for funding
  run `npm fund` for details

1 high severity vulnerability

To address all issues, run:
  npm audit fix

Run `npm audit` for details.

[21:04:12.235] Updated types-registry npm package
